[2025-03-21 00:31:41] user123 取款 1元 成功
[2025-03-21 00:37:33] user123 取款 1000元 失败（余额不足）
[2025-03-21 13:30:53] user123 取款 413元 成功
[2025-03-21 13:35:24] user123 取款 -147元 成功
[2025-03-21 13:35:39] user123 取款 -1973元 成功
[2025-03-21 15:15:23] user123 取款 1元 成功
[2025-03-21 15:17:59] user123 取款 2元 成功
[2025-03-21 15:18:02] user123 取款 2元 成功
[2025-03-21 16:41:40] user123 取款 1元 成功
[2025-03-21 22:34:12] user123 取款 1元 成功
[2025-03-21 22:36:10] user123 取款 1元 成功
[2025-03-21 22:37:33] user123 取款 -1元 成功
[2025-03-23 15:20:56] user123 取款 1元 成功
[2025-04-06 13:34:09] test 取款 1元 成功
[2025-04-06 16:22:15] test 取款 -100元 成功
[2025-04-06 17:12:39] test 取款 -100元 成功
[2025-04-06 17:14:09] test 取款 1元 成功
[2025-04-06 17:14:11] test 取款 1元 成功
[2025-04-06 17:21:45] test 取款 1元 成功
[2025-04-06 17:21:46] test 取款 1元 成功
[2025-04-06 17:24:54] user123 取款 1元 成功
[2025-04-06 17:37:15] user123 取款 -10000元 成功
[2025-04-06 17:37:32] user123 取款 114514元 失败（余额不足）
[2025-04-06 17:37:42] user123 取款 12696元 成功
[2025-04-06 17:37:50] user123 取款 -114514元 成功
[2025-04-15 17:21:42] user123 取款 1元 成功
[2025-04-15 17:21:46] user123 取款 -1元 成功
[2025-04-15 18:42:34] test 取款 1元 成功
[2025-04-15 18:53:25] user123 取款 1元 成功
[2025-04-15 18:54:57] user123 取款 -1元 成功
[2025-04-15 21:46:05] test 取款 1元 成功
[2025-04-15 22:55:00] user123 取款 1元 成功
[2025-04-15 22:55:05] user123 取款 -1元 成功
[2025-04-20 16:16:25] user123 取款 1元 成功
[2025-04-20 16:16:35] user123 取款 -1元 成功
[2025-04-21 19:46:53] 2022071020230569 取款 1元 成功
[2025-04-21 19:46:58] 2022071020230569 取款 -1元 成功
[2025-04-21 22:17:39] 2022071020230569 取款 1元 成功
[2025-04-21 22:17:42] 2022071020230569 取款 -1元 成功
[2025-04-21 22:19:06] 2022071020230569 取款 1元 成功
[2025-04-21 22:19:09] 2022071020230569 取款 -1元 成功
